[dotenv@17.2.3] injecting env (0) from .env.local -- tip: ⚙️  specify custom .env file path with { path: '/custom/path/.env' }
Batch: Level b1, Weeks 1 to 5
Updating file: /Users/lidia/Documents/focusonenglish/src/lib/toefl-units/b1/week-1.ts
Updating file: /Users/lidia/Documents/focusonenglish/src/lib/toefl-units/b1/week-2.ts
Generating TOEFL content for: Academic Transition Words (b1)...
Generating TOEFL content for: Placeholder Shard 3 (b1)...
Generating TOEFL content for: Placeholder Shard 4 (b1)...
Generating TOEFL content for: Placeholder Shard 5 (b1)...
Generating TOEFL content for: Placeholder Shard 6 (b1)...
Generating TOEFL content for: Placeholder Shard 7 (b1)...
Updating file: /Users/lidia/Documents/focusonenglish/src/lib/toefl-units/b1/week-3.ts
Generating TOEFL content for: Prefixes in Science (Bio, Geo, Hydro) (b1)...
Generating TOEFL content for: Placeholder Shard 3 (b1)...
Generating TOEFL content for: Placeholder Shard 4 (b1)...
Generating TOEFL content for: Placeholder Shard 5 (b1)...
Generating TOEFL content for: Placeholder Shard 6 (b1)...
Generating TOEFL content for: Placeholder Shard 7 (b1)...
Updating file: /Users/lidia/Documents/focusonenglish/src/lib/toefl-units/b1/week-4.ts
Generating TOEFL content for: Vocabulary: Creative Process (b1)...
Generating TOEFL content for: Placeholder Shard 3 (b1)...
Generating TOEFL content for: Placeholder Shard 4 (b1)...
Generating TOEFL content for: Placeholder Shard 5 (b1)...
Generating TOEFL content for: Placeholder Shard 6 (b1)...
Generating TOEFL content for: Placeholder Shard 7 (b1)...
